14:04:12 **** Incremental Build of configuration Debug for project TempsTest ****
make all 
make: rien à faire pour « all ».
14:04:13 **** Incremental Build of configuration Debug for project TempsLib ****
make all 
make: rien à faire pour « all ».
14:04:13 **** Incremental Build of configuration Debug for project TempsTest ****
make all 
make: rien à faire pour « all ».
14:04:19 **** Clean-only build of configuration Debug for project TempsLib ****
make clean 
rm -rf  ./ContratException.o ./Temps.o  ./ContratException.d ./Temps.d  libTempsLib.a
 
14:04:19 **** Clean-only build of configuration Debug for project TempsTest ****
make clean 
rm -rf  ./TempsTest.o  ./TempsTest.d  TempsTest
 
14:04:20 **** Build of configuration Debug for project TempsLib ****
make all 
Building file: ../ContratException.cpp
Invoking: GCC C++ Compiler
g++ -std=c++98 -O0 -g3 -Wall -c -fmessage-length=0 -MMD -MP -MF"ContratException.d" -MT"ContratException.o" -o "ContratException.o" "../ContratException.cpp"
Finished building: ../ContratException.cpp
 
Building file: ../Temps.cpp
Invoking: GCC C++ Compiler
g++ -std=c++98 -O0 -g3 -Wall -c -fmessage-length=0 -MMD -MP -MF"Temps.d" -MT"Temps.o" -o "Temps.o" "../Temps.cpp"
Finished building: ../Temps.cpp
 
Building target: libTempsLib.a
Invoking: GCC Archiver
ar -r  "libTempsLib.a"  ./ContratException.o ./Temps.o   
ar: création de libTempsLib.a
Finished building target: libTempsLib.a
 
14:04:21 **** Build of configuration Debug for project TempsTest ****
make all 
Building file: ../TempsTest.cpp
Invoking: GCC C++ Compiler
g++ -std=c++98 -I"/home/etudiant/Bureau/Laboratoires/Laboratoire8/TempsLib" -O0 -g3 -Wall -c -fmessage-length=0 -MMD -MP -MF"TempsTest.d" -MT"TempsTest.o" -o "TempsTest.o" "../TempsTest.cpp"
Finished building: ../TempsTest.cpp
 
Building target: TempsTest
Invoking: GCC C++ Linker
g++ -L"/home/etudiant/Bureau/Laboratoires/Laboratoire8/TempsLib/Debug" -o "TempsTest"  ./TempsTest.o   -lTempsLib -lgtest_main -lgtest -lpthread
Finished building target: TempsTest
 
14:04:24 **** Incremental Build of configuration Debug for project TempsTest ****
make all 
make: rien à faire pour « all ».
14:06:35 **** Incremental Build of configuration Debug for project TempsLib ****
make all 
make: rien à faire pour « all ».
14:06:35 **** Incremental Build of configuration Debug for project TempsTest ****
make all 
Building file: ../TempsTest.cpp
Invoking: GCC C++ Compiler
g++ -std=c++98 -I"/home/etudiant/Bureau/Laboratoires/Laboratoire8/TempsLib" -O0 -g3 -Wall -c -fmessage-length=0 -MMD -MP -MF"TempsTest.d" -MT"TempsTest.o" -o "TempsTest.o" "../TempsTest.cpp"
In file included from /usr/include/gtest/gtest.h:1929:0,
                 from ../TempsTest.cpp:10:
../TempsTest.cpp: In member function ‘virtual void Temps_DevraitCompterLeNombreDInstance_Test::TestBody()’:
../TempsTest.cpp:37:28: error: ‘reqNombreInstance’ is not a member of ‘labo8::Temps’
  ASSERT_EQ(nombreInstance, Temps::reqNombreInstance());
                            ^
make: *** [TempsTest.o] Erreur 1
subdir.mk:18 : la recette pour la cible « TempsTest.o » a échouée
14:07:49 **** Incremental Build of configuration Debug for project TempsLib ****
make all 
Building file: ../Temps.cpp
Invoking: GCC C++ Compiler
g++ -std=c++98 -O0 -g3 -Wall -c -fmessage-length=0 -MMD -MP -MF"Temps.d" -MT"Temps.o" -o "Temps.o" "../Temps.cpp"
In file included from ../Temps.cpp:8:0:
../Temps.h:24:42: error: static member function ‘static unsigned int labo8::Temps::reqNombreInstance()’ cannot have cv-qualifier
  static unsigned int reqNombreInstance() const;
                                          ^
../Temps.cpp:48:44: error: static member function ‘static unsigned int labo8::Temps::reqNombreInstance()’ declared with type qualifiers
 static unsigned Temps::reqNombreInstance() const {
                                            ^
../Temps.cpp:48:44: error: cannot declare member function ‘static unsigned int labo8::Temps::reqNombreInstance()’ to have static linkage [-fpermissive]
subdir.mk:21 : la recette pour la cible « Temps.o » a échouée
make: *** [Temps.o] Erreur 1
14:07:50 **** Incremental Build of configuration Debug for project TempsTest ****
make all 
Building file: ../TempsTest.cpp
Invoking: GCC C++ Compiler
g++ -std=c++98 -I"/home/etudiant/Bureau/Laboratoires/Laboratoire8/TempsLib" -O0 -g3 -Wall -c -fmessage-length=0 -MMD -MP -MF"TempsTest.d" -MT"TempsTest.o" -o "TempsTest.o" "../TempsTest.cpp"
In file included from ../TempsTest.cpp:8:0:
/home/etudiant/Bureau/Laboratoires/Laboratoire8/TempsLib/Temps.h:24:42: error: static member function ‘static unsigned int labo8::Temps::reqNombreInstance()’ cannot have cv-qualifier
  static unsigned int reqNombreInstance() const;
                                          ^
subdir.mk:18 : la recette pour la cible « TempsTest.o » a échouée
make: *** [TempsTest.o] Erreur 1
14:08:02 **** Incremental Build of configuration Debug for project TempsLib ****
make all 
Building file: ../Temps.cpp
Invoking: GCC C++ Compiler
g++ -std=c++98 -O0 -g3 -Wall -c -fmessage-length=0 -MMD -MP -MF"Temps.d" -MT"Temps.o" -o "Temps.o" "../Temps.cpp"
../Temps.cpp:48:42: error: cannot declare member function ‘static unsigned int labo8::Temps::reqNombreInstance()’ to have static linkage [-fpermissive]
 static unsigned Temps::reqNombreInstance() {
                                          ^
subdir.mk:21 : la recette pour la cible « Temps.o » a échouée
make: *** [Temps.o] Erreur 1
14:08:02 **** Incremental Build of configuration Debug for project TempsTest ****
make all 
Building file: ../TempsTest.cpp
Invoking: GCC C++ Compiler
g++ -std=c++98 -I"/home/etudiant/Bureau/Laboratoires/Laboratoire8/TempsLib" -O0 -g3 -Wall -c -fmessage-length=0 -MMD -MP -MF"TempsTest.d" -MT"TempsTest.o" -o "TempsTest.o" "../TempsTest.cpp"
Finished building: ../TempsTest.cpp
 
Building target: TempsTest
Invoking: GCC C++ Linker
g++ -L"/home/etudiant/Bureau/Laboratoires/Laboratoire8/TempsLib/Debug" -o "TempsTest"  ./TempsTest.o   -lTempsLib -lgtest_main -lgtest -lpthread
/usr/bin/ld : ne peut trouver -lTempsLib
collect2: error: ld returned 1 exit status
make: *** [TempsTest] Erreur 1
makefile:44 : la recette pour la cible « TempsTest » a échouée
14:08:40 **** Incremental Build of configuration Debug for project TempsLib ****
make all 
Building file: ../Temps.cpp
Invoking: GCC C++ Compiler
g++ -std=c++98 -O0 -g3 -Wall -c -fmessage-length=0 -MMD -MP -MF"Temps.d" -MT"Temps.o" -o "Temps.o" "../Temps.cpp"
Finished building: ../Temps.cpp
 
Building target: libTempsLib.a
Invoking: GCC Archiver
ar -r  "libTempsLib.a"  ./ContratException.o ./Temps.o   
ar: création de libTempsLib.a
Finished building target: libTempsLib.a
 
14:08:40 **** Incremental Build of configuration Debug for project TempsTest ****
make all 
Building target: TempsTest
Invoking: GCC C++ Linker
g++ -L"/home/etudiant/Bureau/Laboratoires/Laboratoire8/TempsLib/Debug" -o "TempsTest"  ./TempsTest.o   -lTempsLib -lgtest_main -lgtest -lpthread
Finished building target: TempsTest
 
14:08:51 **** Incremental Build of configuration Debug for project TempsLib ****
make all 
Building file: ../Temps.cpp
Invoking: GCC C++ Compiler
g++ -std=c++98 -O0 -g3 -Wall -c -fmessage-length=0 -MMD -MP -MF"Temps.d" -MT"Temps.o" -o "Temps.o" "../Temps.cpp"
Finished building: ../Temps.cpp
 
Building target: libTempsLib.a
Invoking: GCC Archiver
ar -r  "libTempsLib.a"  ./ContratException.o ./Temps.o   
ar: création de libTempsLib.a
Finished building target: libTempsLib.a
 
14:08:51 **** Incremental Build of configuration Debug for project TempsTest ****
make all 
Building target: TempsTest
Invoking: GCC C++ Linker
g++ -L"/home/etudiant/Bureau/Laboratoires/Laboratoire8/TempsLib/Debug" -o "TempsTest"  ./TempsTest.o   -lTempsLib -lgtest_main -lgtest -lpthread
Finished building target: TempsTest
 
14:08:56 **** Incremental Build of configuration Debug for project TempsTest ****
make all 
make: rien à faire pour « all ».
14:10:13 **** Incremental Build of configuration Debug for project TempsLib ****
make all 
Building file: ../Temps.cpp
Invoking: GCC C++ Compiler
g++ -std=c++98 -O0 -g3 -Wall -c -fmessage-length=0 -MMD -MP -MF"Temps.d" -MT"Temps.o" -o "Temps.o" "../Temps.cpp"
Finished building: ../Temps.cpp
 
Building target: libTempsLib.a
Invoking: GCC Archiver
ar -r  "libTempsLib.a"  ./ContratException.o ./Temps.o   
ar: création de libTempsLib.a
Finished building target: libTempsLib.a
 
14:10:13 **** Incremental Build of configuration Debug for project TempsTest ****
make all 
Building file: ../TempsTest.cpp
Invoking: GCC C++ Compiler
g++ -std=c++98 -I"/home/etudiant/Bureau/Laboratoires/Laboratoire8/TempsLib" -O0 -g3 -Wall -c -fmessage-length=0 -MMD -MP -MF"TempsTest.d" -MT"TempsTest.o" -o "TempsTest.o" "../TempsTest.cpp"
Finished building: ../TempsTest.cpp
 
Building target: TempsTest
Invoking: GCC C++ Linker
g++ -L"/home/etudiant/Bureau/Laboratoires/Laboratoire8/TempsLib/Debug" -o "TempsTest"  ./TempsTest.o   -lTempsLib -lgtest_main -lgtest -lpthread
Finished building target: TempsTest
 
14:10:41 **** Incremental Build of configuration Debug for project TempsLib ****
make all 
make: rien à faire pour « all ».
14:10:41 **** Incremental Build of configuration Debug for project TempsTest ****
make all 
Building file: ../TempsTest.cpp
Invoking: GCC C++ Compiler
g++ -std=c++98 -I"/home/etudiant/Bureau/Laboratoires/Laboratoire8/TempsLib" -O0 -g3 -Wall -c -fmessage-length=0 -MMD -MP -MF"TempsTest.d" -MT"TempsTest.o" -o "TempsTest.o" "../TempsTest.cpp"
../TempsTest.cpp: In member function ‘virtual void Temps_ConstructeurAvecParam_invalides_Test::TestBody()’:
../TempsTest.cpp:27:6: warning: unused variable ‘heure’ [-Wunused-variable]
  int heure = 25;
      ^
../TempsTest.cpp:28:6: warning: unused variable ‘minute’ [-Wunused-variable]
  int minute = 45;
      ^
../TempsTest.cpp:29:6: warning: unused variable ‘seconde’ [-Wunused-variable]
  int seconde = 32;
      ^
Finished building: ../TempsTest.cpp
 
Building target: TempsTest
Invoking: GCC C++ Linker
g++ -L"/home/etudiant/Bureau/Laboratoires/Laboratoire8/TempsLib/Debug" -o "TempsTest"  ./TempsTest.o   -lTempsLib -lgtest_main -lgtest -lpthread
Finished building target: TempsTest
 
14:10:50 **** Incremental Build of configuration Debug for project TempsLib ****
make all 
make: rien à faire pour « all ».
14:10:50 **** Incremental Build of configuration Debug for project TempsTest ****
make all 
Building file: ../TempsTest.cpp
Invoking: GCC C++ Compiler
g++ -std=c++98 -I"/home/etudiant/Bureau/Laboratoires/Laboratoire8/TempsLib" -O0 -g3 -Wall -c -fmessage-length=0 -MMD -MP -MF"TempsTest.d" -MT"TempsTest.o" -o "TempsTest.o" "../TempsTest.cpp"
Finished building: ../TempsTest.cpp
 
Building target: TempsTest
Invoking: GCC C++ Linker
g++ -L"/home/etudiant/Bureau/Laboratoires/Laboratoire8/TempsLib/Debug" -o "TempsTest"  ./TempsTest.o   -lTempsLib -lgtest_main -lgtest -lpthread
Finished building target: TempsTest
 
14:10:52 **** Incremental Build of configuration Debug for project TempsTest ****
make all 
make: rien à faire pour « all ».
14:12:22 **** Incremental Build of configuration Debug for project TempsLib ****
make all 
make: rien à faire pour « all ».
14:12:22 **** Incremental Build of configuration Debug for project TempsTest ****
make all 
Building file: ../TempsTest.cpp
Invoking: GCC C++ Compiler
g++ -std=c++98 -I"/home/etudiant/Bureau/Laboratoires/Laboratoire8/TempsLib" -O0 -g3 -Wall -c -fmessage-length=0 -MMD -MP -MF"TempsTest.d" -MT"TempsTest.o" -o "TempsTest.o" "../TempsTest.cpp"
Finished building: ../TempsTest.cpp
 
Building target: TempsTest
Invoking: GCC C++ Linker
g++ -L"/home/etudiant/Bureau/Laboratoires/Laboratoire8/TempsLib/Debug" -o "TempsTest"  ./TempsTest.o   -lTempsLib -lgtest_main -lgtest -lpthread
Finished building target: TempsTest
 
