10:44:17 **** Build of configuration Debug for project Temps ****
make all 
Building file: ../Temps.cpp
Invoking: GCC C++ Compiler
g++ -std=c++98 -O0 -g3 -Wall -c -fmessage-length=0 -MMD -MP -MF"Temps.d" -MT"Temps.o" -o "Temps.o" "../Temps.cpp"
Finished building: ../Temps.cpp
 
Building file: ../main.cpp
Invoking: GCC C++ Compiler
g++ -std=c++98 -O0 -g3 -Wall -c -fmessage-length=0 -MMD -MP -MF"main.d" -MT"main.o" -o "main.o" "../main.cpp"
Finished building: ../main.cpp
 
Building target: Temps
Invoking: GCC C++ Linker
g++  -o "Temps"  ./Temps.o ./main.o   
Finished building target: Temps
 
10:54:23 **** Incremental Build of configuration Debug for project Temps ****
make all 
Building file: ../Temps.cpp
Invoking: GCC C++ Compiler
g++ -std=c++98 -O0 -g3 -Wall -c -fmessage-length=0 -MMD -MP -MF"Temps.d" -MT"Temps.o" -o "Temps.o" "../Temps.cpp"
In file included from ../Temps.cpp:8:0:
../Temps.h:29:28: error: static member function ‘static int labo::Temps::reqInstances()’ cannot have cv-qualifier
  static int reqInstances() const;
                            ^
../Temps.cpp:87:34: error: static member function ‘static int labo::Temps::reqInstances()’ declared with type qualifiers
 static int Temps::reqInstances() const {
                                  ^
../Temps.cpp:87:34: error: cannot declare member function ‘static int labo::Temps::reqInstances()’ to have static linkage [-fpermissive]
subdir.mk:21 : la recette pour la cible « Temps.o » a échouée
make: *** [Temps.o] Erreur 1
10:54:47 **** Incremental Build of configuration Debug for project Temps ****
make all 
Building file: ../Temps.cpp
Invoking: GCC C++ Compiler
g++ -std=c++98 -O0 -g3 -Wall -c -fmessage-length=0 -MMD -MP -MF"Temps.d" -MT"Temps.o" -o "Temps.o" "../Temps.cpp"
../Temps.cpp:87:32: error: cannot declare member function ‘static int labo::Temps::reqInstances()’ to have static linkage [-fpermissive]
 static int Temps::reqInstances() {
                                ^
make: *** [Temps.o] Erreur 1
subdir.mk:21 : la recette pour la cible « Temps.o » a échouée
10:55:24 **** Incremental Build of configuration Debug for project Temps ****
make all 
Building file: ../Temps.cpp
Invoking: GCC C++ Compiler
g++ -std=c++98 -O0 -g3 -Wall -c -fmessage-length=0 -MMD -MP -MF"Temps.d" -MT"Temps.o" -o "Temps.o" "../Temps.cpp"
Finished building: ../Temps.cpp
 
Building file: ../main.cpp
Invoking: GCC C++ Compiler
g++ -std=c++98 -O0 -g3 -Wall -c -fmessage-length=0 -MMD -MP -MF"main.d" -MT"main.o" -o "main.o" "../main.cpp"
Finished building: ../main.cpp
 
Building target: Temps
Invoking: GCC C++ Linker
g++  -o "Temps"  ./Temps.o ./main.o   
Finished building target: Temps
 
10:55:36 **** Incremental Build of configuration Debug for project Temps ****
make all 
Building file: ../Temps.cpp
Invoking: GCC C++ Compiler
g++ -std=c++98 -O0 -g3 -Wall -c -fmessage-length=0 -MMD -MP -MF"Temps.d" -MT"Temps.o" -o "Temps.o" "../Temps.cpp"
In file included from ../Temps.cpp:8:0:
../Temps.h:29:28: error: static member function ‘static int labo::Temps::reqInstances()’ cannot have cv-qualifier
  static int reqInstances() const;
                            ^
../Temps.cpp:87:27: error: static member function ‘static int labo::Temps::reqInstances()’ declared with type qualifiers
 int Temps::reqInstances() const {
                           ^
subdir.mk:21 : la recette pour la cible « Temps.o » a échouée
make: *** [Temps.o] Erreur 1
10:55:46 **** Incremental Build of configuration Debug for project Temps ****
make all 
Building file: ../Temps.cpp
Invoking: GCC C++ Compiler
g++ -std=c++98 -O0 -g3 -Wall -c -fmessage-length=0 -MMD -MP -MF"Temps.d" -MT"Temps.o" -o "Temps.o" "../Temps.cpp"
Finished building: ../Temps.cpp
 
Building file: ../main.cpp
Invoking: GCC C++ Compiler
g++ -std=c++98 -O0 -g3 -Wall -c -fmessage-length=0 -MMD -MP -MF"main.d" -MT"main.o" -o "main.o" "../main.cpp"
Finished building: ../main.cpp
 
Building target: Temps
Invoking: GCC C++ Linker
g++  -o "Temps"  ./Temps.o ./main.o   
Finished building target: Temps
 
10:56:27 **** Incremental Build of configuration Debug for project Temps ****
make all 
Building file: ../main.cpp
Invoking: GCC C++ Compiler
g++ -std=c++98 -O0 -g3 -Wall -c -fmessage-length=0 -MMD -MP -MF"main.d" -MT"main.o" -o "main.o" "../main.cpp"
Finished building: ../main.cpp
 
Building target: Temps
Invoking: GCC C++ Linker
g++  -o "Temps"  ./Temps.o ./main.o   
Finished building target: Temps
 
10:56:30 **** Incremental Build of configuration Debug for project Temps ****
make all 
make: rien à faire pour « all ».
11:01:14 **** Incremental Build of configuration Debug for project Temps ****
make all 
Building file: ../Temps.cpp
Invoking: GCC C++ Compiler
g++ -std=c++98 -O0 -g3 -Wall -c -fmessage-length=0 -MMD -MP -MF"Temps.d" -MT"Temps.o" -o "Temps.o" "../Temps.cpp"
Finished building: ../Temps.cpp
 
Building file: ../main.cpp
Invoking: GCC C++ Compiler
g++ -std=c++98 -O0 -g3 -Wall -c -fmessage-length=0 -MMD -MP -MF"main.d" -MT"main.o" -o "main.o" "../main.cpp"
Finished building: ../main.cpp
 
Building target: Temps
Invoking: GCC C++ Linker
g++  -o "Temps"  ./Temps.o ./main.o   
Finished building target: Temps
 
11:01:17 **** Incremental Build of configuration Debug for project Temps ****
make all 
make: rien à faire pour « all ».
11:01:35 **** Incremental Build of configuration Debug for project Temps ****
make all 
Building file: ../main.cpp
Invoking: GCC C++ Compiler
g++ -std=c++98 -O0 -g3 -Wall -c -fmessage-length=0 -MMD -MP -MF"main.d" -MT"main.o" -o "main.o" "../main.cpp"
Finished building: ../main.cpp
 
Building target: Temps
Invoking: GCC C++ Linker
g++  -o "Temps"  ./Temps.o ./main.o   
Finished building target: Temps
 
11:01:38 **** Incremental Build of configuration Debug for project Temps ****
make all 
make: rien à faire pour « all ».
11:01:49 **** Incremental Build of configuration Debug for project Temps ****
make all 
Building file: ../main.cpp
Invoking: GCC C++ Compiler
g++ -std=c++98 -O0 -g3 -Wall -c -fmessage-length=0 -MMD -MP -MF"main.d" -MT"main.o" -o "main.o" "../main.cpp"
Finished building: ../main.cpp
 
Building target: Temps
Invoking: GCC C++ Linker
g++  -o "Temps"  ./Temps.o ./main.o   
Finished building target: Temps
 
11:01:50 **** Incremental Build of configuration Debug for project Temps ****
make all 
make: rien à faire pour « all ».
11:02:09 **** Incremental Build of configuration Debug for project Temps ****
make all 
Building file: ../main.cpp
Invoking: GCC C++ Compiler
g++ -std=c++98 -O0 -g3 -Wall -c -fmessage-length=0 -MMD -MP -MF"main.d" -MT"main.o" -o "main.o" "../main.cpp"
Finished building: ../main.cpp
 
Building target: Temps
Invoking: GCC C++ Linker
g++  -o "Temps"  ./Temps.o ./main.o   
Finished building target: Temps
 
11:02:11 **** Incremental Build of configuration Debug for project Temps ****
make all 
make: rien à faire pour « all ».
11:02:28 **** Incremental Build of configuration Debug for project Temps ****
make all 
Building file: ../main.cpp
Invoking: GCC C++ Compiler
g++ -std=c++98 -O0 -g3 -Wall -c -fmessage-length=0 -MMD -MP -MF"main.d" -MT"main.o" -o "main.o" "../main.cpp"
Finished building: ../main.cpp
 
Building target: Temps
Invoking: GCC C++ Linker
g++  -o "Temps"  ./Temps.o ./main.o   
Finished building target: Temps
 
11:02:31 **** Incremental Build of configuration Debug for project Temps ****
make all 
make: rien à faire pour « all ».
11:02:46 **** Incremental Build of configuration Debug for project Temps ****
make all 
Building file: ../Temps.cpp
Invoking: GCC C++ Compiler
g++ -std=c++98 -O0 -g3 -Wall -c -fmessage-length=0 -MMD -MP -MF"Temps.d" -MT"Temps.o" -o "Temps.o" "../Temps.cpp"
Finished building: ../Temps.cpp
 
Building target: Temps
Invoking: GCC C++ Linker
g++  -o "Temps"  ./Temps.o ./main.o   
Finished building target: Temps
 
11:02:48 **** Incremental Build of configuration Debug for project Temps ****
make all 
make: rien à faire pour « all ».
11:06:22 **** Incremental Build of configuration Debug for project Temps ****
make all 
Building file: ../Temps.cpp
Invoking: GCC C++ Compiler
g++ -std=c++98 -O0 -g3 -Wall -c -fmessage-length=0 -MMD -MP -MF"Temps.d" -MT"Temps.o" -o "Temps.o" "../Temps.cpp"
Finished building: ../Temps.cpp
 
Building file: ../main.cpp
Invoking: GCC C++ Compiler
g++ -std=c++98 -O0 -g3 -Wall -c -fmessage-length=0 -MMD -MP -MF"main.d" -MT"main.o" -o "main.o" "../main.cpp"
Finished building: ../main.cpp
 
Building target: Temps
Invoking: GCC C++ Linker
g++  -o "Temps"  ./Temps.o ./main.o   
Finished building target: Temps
 
11:06:26 **** Incremental Build of configuration Debug for project Temps ****
make all 
make: rien à faire pour « all ».
11:06:33 **** Incremental Build of configuration Debug for project Temps ****
make all 
Building file: ../main.cpp
Invoking: GCC C++ Compiler
g++ -std=c++98 -O0 -g3 -Wall -c -fmessage-length=0 -MMD -MP -MF"main.d" -MT"main.o" -o "main.o" "../main.cpp"
Finished building: ../main.cpp
 
Building target: Temps
Invoking: GCC C++ Linker
g++  -o "Temps"  ./Temps.o ./main.o   
Finished building target: Temps
 
11:06:35 **** Incremental Build of configuration Debug for project Temps ****
make all 
make: rien à faire pour « all ».
11:09:00 **** Incremental Build of configuration Debug for project Temps ****
make all 
Building file: ../main.cpp
Invoking: GCC C++ Compiler
g++ -std=c++98 -O0 -g3 -Wall -c -fmessage-length=0 -MMD -MP -MF"main.d" -MT"main.o" -o "main.o" "../main.cpp"
Finished building: ../main.cpp
 
Building target: Temps
Invoking: GCC C++ Linker
g++  -o "Temps"  ./Temps.o ./main.o   
Finished building target: Temps
 
11:09:02 **** Incremental Build of configuration Debug for project Temps ****
make all 
make: rien à faire pour « all ».
11:09:10 **** Incremental Build of configuration Debug for project Temps ****
make all 
Building file: ../main.cpp
Invoking: GCC C++ Compiler
g++ -std=c++98 -O0 -g3 -Wall -c -fmessage-length=0 -MMD -MP -MF"main.d" -MT"main.o" -o "main.o" "../main.cpp"
Finished building: ../main.cpp
 
Building target: Temps
Invoking: GCC C++ Linker
g++  -o "Temps"  ./Temps.o ./main.o   
Finished building target: Temps
 
11:09:20 **** Incremental Build of configuration Debug for project Temps ****
make all 
Building file: ../main.cpp
Invoking: GCC C++ Compiler
g++ -std=c++98 -O0 -g3 -Wall -c -fmessage-length=0 -MMD -MP -MF"main.d" -MT"main.o" -o "main.o" "../main.cpp"
Finished building: ../main.cpp
 
Building target: Temps
Invoking: GCC C++ Linker
g++  -o "Temps"  ./Temps.o ./main.o   
Finished building target: Temps
 
11:12:26 **** Incremental Build of configuration Debug for project Temps ****
make all 
Building file: ../Temps.cpp
Invoking: GCC C++ Compiler
g++ -std=c++98 -O0 -g3 -Wall -c -fmessage-length=0 -MMD -MP -MF"Temps.d" -MT"Temps.o" -o "Temps.o" "../Temps.cpp"
../Temps.cpp:123:1: error: ‘friend’ used outside of class
 friend std::ostream& operator<<(std::ostream& os, Temps& temps) {
 ^
subdir.mk:21 : la recette pour la cible « Temps.o » a échouée
make: *** [Temps.o] Erreur 1
11:12:33 **** Incremental Build of configuration Debug for project Temps ****
make all 
Building file: ../Temps.cpp
Invoking: GCC C++ Compiler
g++ -std=c++98 -O0 -g3 -Wall -c -fmessage-length=0 -MMD -MP -MF"Temps.d" -MT"Temps.o" -o "Temps.o" "../Temps.cpp"
Finished building: ../Temps.cpp
 
Building file: ../main.cpp
Invoking: GCC C++ Compiler
g++ -std=c++98 -O0 -g3 -Wall -c -fmessage-length=0 -MMD -MP -MF"main.d" -MT"main.o" -o "main.o" "../main.cpp"
Finished building: ../main.cpp
 
Building target: Temps
Invoking: GCC C++ Linker
g++  -o "Temps"  ./Temps.o ./main.o   
Finished building target: Temps
 
11:13:03 **** Incremental Build of configuration Debug for project Temps ****
make all 
Building file: ../Temps.cpp
Invoking: GCC C++ Compiler
g++ -std=c++98 -O0 -g3 -Wall -c -fmessage-length=0 -MMD -MP -MF"Temps.d" -MT"Temps.o" -o "Temps.o" "../Temps.cpp"
Finished building: ../Temps.cpp
 
Building file: ../main.cpp
Invoking: GCC C++ Compiler
g++ -std=c++98 -O0 -g3 -Wall -c -fmessage-length=0 -MMD -MP -MF"main.d" -MT"main.o" -o "main.o" "../main.cpp"
Finished building: ../main.cpp
 
Building target: Temps
Invoking: GCC C++ Linker
g++  -o "Temps"  ./Temps.o ./main.o   
Finished building target: Temps
 
11:13:05 **** Incremental Build of configuration Debug for project Temps ****
make all 
make: rien à faire pour « all ».
11:13:20 **** Incremental Build of configuration Debug for project Temps ****
make all 
Building file: ../main.cpp
Invoking: GCC C++ Compiler
g++ -std=c++98 -O0 -g3 -Wall -c -fmessage-length=0 -MMD -MP -MF"main.d" -MT"main.o" -o "main.o" "../main.cpp"
Finished building: ../main.cpp
 
Building target: Temps
Invoking: GCC C++ Linker
g++  -o "Temps"  ./Temps.o ./main.o   
Finished building target: Temps
 
11:13:31 **** Incremental Build of configuration Debug for project Temps ****
make all 
Building file: ../main.cpp
Invoking: GCC C++ Compiler
g++ -std=c++98 -O0 -g3 -Wall -c -fmessage-length=0 -MMD -MP -MF"main.d" -MT"main.o" -o "main.o" "../main.cpp"
Finished building: ../main.cpp
 
Building target: Temps
Invoking: GCC C++ Linker
g++  -o "Temps"  ./Temps.o ./main.o   
Finished building target: Temps
 
11:13:36 **** Incremental Build of configuration Debug for project Temps ****
make all 
make: rien à faire pour « all ».

**** Build of configuration Debug for project Exercice2 ****

Nothing to build for project Exercice2
12:14:27 **** Incremental Build of configuration Debug for project Temps ****
make all 
Building file: ../main.cpp
Invoking: GCC C++ Compiler
g++ -std=c++98 -O0 -g3 -Wall -c -fmessage-length=0 -MMD -MP -MF"main.d" -MT"main.o" -o "main.o" "../main.cpp"
../main.cpp: In function ‘int main()’:
../main.cpp:17:21: error: request for member ‘reqTempsFormate’ in ‘tempsLocal’, which is of non-class type ‘labo::Temps()’
  cout << tempsLocal.reqTempsFormate() << endl;
                     ^
subdir.mk:21 : la recette pour la cible « main.o » a échouée
make: *** [main.o] Erreur 1
12:14:49 **** Incremental Build of configuration Debug for project Temps ****
make all 
Building file: ../main.cpp
Invoking: GCC C++ Compiler
g++ -std=c++98 -O0 -g3 -Wall -c -fmessage-length=0 -MMD -MP -MF"main.d" -MT"main.o" -o "main.o" "../main.cpp"
Finished building: ../main.cpp
 
Building target: Temps
Invoking: GCC C++ Linker
g++  -o "Temps"  ./Temps.o ./main.o   
Finished building target: Temps
 

**** Build of configuration Debug for project Exercice2 ****

Nothing to build for project Exercice2
12:15:57 **** Incremental Build of configuration Debug for project Temps ****
make all 
Building file: ../Temps.cpp
Invoking: GCC C++ Compiler
g++ -std=c++98 -O0 -g3 -Wall -c -fmessage-length=0 -MMD -MP -MF"Temps.d" -MT"Temps.o" -o "Temps.o" "../Temps.cpp"
../Temps.cpp: In constructor ‘labo::Temps::Temps()’:
../Temps.cpp:18:2: error: ‘instances’ is not a member of ‘labo::Temps’
  Temps::instances++;
  ^
../Temps.cpp: In constructor ‘labo::Temps::Temps(int, int, int)’:
../Temps.cpp:32:2: error: ‘instances’ is not a member of ‘labo::Temps’
  Temps::instances++;
  ^
subdir.mk:21 : la recette pour la cible « Temps.o » a échouée
make: *** [Temps.o] Erreur 1

**** Build of configuration Debug for project Exercice2 ****

Nothing to build for project Exercice2
12:16:11 **** Incremental Build of configuration Debug for project Temps ****
make all 
Building file: ../Temps.cpp
Invoking: GCC C++ Compiler
g++ -std=c++98 -O0 -g3 -Wall -c -fmessage-length=0 -MMD -MP -MF"Temps.d" -MT"Temps.o" -o "Temps.o" "../Temps.cpp"
Finished building: ../Temps.cpp
 
Building file: ../main.cpp
Invoking: GCC C++ Compiler
g++ -std=c++98 -O0 -g3 -Wall -c -fmessage-length=0 -MMD -MP -MF"main.d" -MT"main.o" -o "main.o" "../main.cpp"
Finished building: ../main.cpp
 
Building target: Temps
Invoking: GCC C++ Linker
g++  -o "Temps"  ./Temps.o ./main.o   
Finished building target: Temps
 
12:16:13 **** Incremental Build of configuration Debug for project Temps ****
make all 
make: rien à faire pour « all ».
12:54:18 **** Incremental Build of configuration Debug for project Temps ****
make all 
Building file: ../Temps.cpp
Invoking: GCC C++ Compiler
g++ -std=c++98 -O0 -g3 -Wall -c -fmessage-length=0 -MMD -MP -MF"Temps.d" -MT"Temps.o" -o "Temps.o" "../Temps.cpp"
Finished building: ../Temps.cpp
 
Building file: ../main.cpp
Invoking: GCC C++ Compiler
g++ -std=c++98 -O0 -g3 -Wall -c -fmessage-length=0 -MMD -MP -MF"main.d" -MT"main.o" -o "main.o" "../main.cpp"
Finished building: ../main.cpp
 
Building target: Temps
Invoking: GCC C++ Linker
g++  -o "Temps"  ./Temps.o ./main.o   
Finished building target: Temps
 
12:54:23 **** Incremental Build of configuration Debug for project Temps ****
make all 
make: rien à faire pour « all ».
12:55:11 **** Incremental Build of configuration Debug for project Temps ****
make all 
Building file: ../main.cpp
Invoking: GCC C++ Compiler
g++ -std=c++98 -O0 -g3 -Wall -c -fmessage-length=0 -MMD -MP -MF"main.d" -MT"main.o" -o "main.o" "../main.cpp"
../main.cpp: In function ‘int main()’:
../main.cpp:21:2: error: ‘tempsLocal’ was not declared in this scope
  tempsLocal.reqTempsFormate();
  ^
subdir.mk:21 : la recette pour la cible « main.o » a échouée
make: *** [main.o] Erreur 1
12:55:36 **** Incremental Build of configuration Debug for project Temps ****
make all 
Building file: ../main.cpp
Invoking: GCC C++ Compiler
g++ -std=c++98 -O0 -g3 -Wall -c -fmessage-length=0 -MMD -MP -MF"main.d" -MT"main.o" -o "main.o" "../main.cpp"
Finished building: ../main.cpp
 
Building target: Temps
Invoking: GCC C++ Linker
g++  -o "Temps"  ./Temps.o ./main.o   
Finished building target: Temps
 
12:55:38 **** Incremental Build of configuration Debug for project Temps ****
make all 
make: rien à faire pour « all ».
12:56:22 **** Incremental Build of configuration Debug for project Temps ****
make all 
Building file: ../Temps.cpp
Invoking: GCC C++ Compiler
g++ -std=c++98 -O0 -g3 -Wall -c -fmessage-length=0 -MMD -MP -MF"Temps.d" -MT"Temps.o" -o "Temps.o" "../Temps.cpp"
Finished building: ../Temps.cpp
 
Building file: ../main.cpp
Invoking: GCC C++ Compiler
g++ -std=c++98 -O0 -g3 -Wall -c -fmessage-length=0 -MMD -MP -MF"main.d" -MT"main.o" -o "main.o" "../main.cpp"
Finished building: ../main.cpp
 
Building target: Temps
Invoking: GCC C++ Linker
g++  -o "Temps"  ./Temps.o ./main.o   
Finished building target: Temps
 
12:56:24 **** Incremental Build of configuration Debug for project Temps ****
make all 
make: rien à faire pour « all ».
12:56:39 **** Incremental Build of configuration Debug for project Temps ****
make all 
Building file: ../main.cpp
Invoking: GCC C++ Compiler
g++ -std=c++98 -O0 -g3 -Wall -c -fmessage-length=0 -MMD -MP -MF"main.d" -MT"main.o" -o "main.o" "../main.cpp"
Finished building: ../main.cpp
 
Building target: Temps
Invoking: GCC C++ Linker
g++  -o "Temps"  ./Temps.o ./main.o   
Finished building target: Temps
 
12:56:41 **** Incremental Build of configuration Debug for project Temps ****
make all 
make: rien à faire pour « all ».
12:59:08 **** Incremental Build of configuration Debug for project Temps ****
make all 
Building file: ../main.cpp
Invoking: GCC C++ Compiler
g++ -std=c++98 -O0 -g3 -Wall -c -fmessage-length=0 -MMD -MP -MF"main.d" -MT"main.o" -o "main.o" "../main.cpp"
Finished building: ../main.cpp
 
Building target: Temps
Invoking: GCC C++ Linker
g++  -o "Temps"  ./Temps.o ./main.o   
Finished building target: Temps
 
12:59:09 **** Incremental Build of configuration Debug for project Temps ****
make all 
make: rien à faire pour « all ».
13:03:53 **** Incremental Build of configuration Debug for project Temps ****
make all 
Building file: ../main.cpp
Invoking: GCC C++ Compiler
g++ -std=c++98 -O0 -g3 -Wall -c -fmessage-length=0 -MMD -MP -MF"main.d" -MT"main.o" -o "main.o" "../main.cpp"
../main.cpp: In function ‘int main()’:
../main.cpp:18:2: error: ‘temps’ was not declared in this scope
  temps.tic();
  ^
make: *** [main.o] Erreur 1
subdir.mk:21 : la recette pour la cible « main.o » a échouée
13:04:17 **** Incremental Build of configuration Debug for project Temps ****
make all 
Building file: ../main.cpp
Invoking: GCC C++ Compiler
g++ -std=c++98 -O0 -g3 -Wall -c -fmessage-length=0 -MMD -MP -MF"main.d" -MT"main.o" -o "main.o" "../main.cpp"
../main.cpp: In function ‘int main()’:
../main.cpp:18:9: error: ‘class labo::Temps’ has no member named ‘tic’
  temps1.tic();
         ^
subdir.mk:21 : la recette pour la cible « main.o » a échouée
make: *** [main.o] Erreur 1
13:04:31 **** Incremental Build of configuration Debug for project Temps ****
make all 
Building file: ../main.cpp
Invoking: GCC C++ Compiler
g++ -std=c++98 -O0 -g3 -Wall -c -fmessage-length=0 -MMD -MP -MF"main.d" -MT"main.o" -o "main.o" "../main.cpp"
../main.cpp: In function ‘int main()’:
../main.cpp:18:2: error: ‘temps’ was not declared in this scope
  temps.tic();
  ^
subdir.mk:21 : la recette pour la cible « main.o » a échouée
make: *** [main.o] Erreur 1
13:04:38 **** Incremental Build of configuration Debug for project Temps ****
make all 
Building file: ../main.cpp
Invoking: GCC C++ Compiler
g++ -std=c++98 -O0 -g3 -Wall -c -fmessage-length=0 -MMD -MP -MF"main.d" -MT"main.o" -o "main.o" "../main.cpp"
../main.cpp: In function ‘int main()’:
../main.cpp:18:9: error: ‘class labo::Temps’ has no member named ‘tic’
subdir.mk:21 : la recette pour la cible « main.o » a échouée
  temps1.tic();
         ^
make: *** [main.o] Erreur 1
13:08:04 **** Incremental Build of configuration Debug for project Temps ****
make all 
Building file: ../Temps.cpp
Invoking: GCC C++ Compiler
g++ -std=c++98 -O0 -g3 -Wall -c -fmessage-length=0 -MMD -MP -MF"Temps.d" -MT"Temps.o" -o "Temps.o" "../Temps.cpp"
Finished building: ../Temps.cpp
 
Building file: ../main.cpp
Invoking: GCC C++ Compiler
g++ -std=c++98 -O0 -g3 -Wall -c -fmessage-length=0 -MMD -MP -MF"main.d" -MT"main.o" -o "main.o" "../main.cpp"
Finished building: ../main.cpp
 
Building target: Temps
Invoking: GCC C++ Linker
g++  -o "Temps"  ./Temps.o ./main.o   
Finished building target: Temps
 
13:08:09 **** Incremental Build of configuration Debug for project Temps ****
make all 
make: rien à faire pour « all ».
13:09:18 **** Incremental Build of configuration Debug for project Temps ****
make all 
Building file: ../main.cpp
Invoking: GCC C++ Compiler
g++ -std=c++98 -O0 -g3 -Wall -c -fmessage-length=0 -MMD -MP -MF"main.d" -MT"main.o" -o "main.o" "../main.cpp"
../main.cpp: In function ‘int main()’:
../main.cpp:19:7: error: no match for ‘operator<<’ (operand types are ‘std::ostream {aka std::basic_ostream<char>}’ and ‘labo::Temps’)
  cout << temps1 << endl;
       ^
In file included from /usr/include/c++/5/iostream:39:0,
                 from ../main.cpp:8:
/usr/include/c++/5/ostream:108:7: note: candidate: std::basic_ostream<_CharT, _Traits>::__ostream_type& std::basic_ostream<_CharT, _Traits>::operator<<(std::basic_ostream<_CharT, _Traits>::__ostream_type& (*)(std::basic_ostream<_CharT, _Traits>::__ostream_type&)) [with _CharT = char; _Traits = std::char_traits<char>; std::basic_ostream<_CharT, _Traits>::__ostream_type = std::basic_ostream<char>]
       operator<<(__ostream_type& (*__pf)(__ostream_type&))
       ^
/usr/include/c++/5/ostream:108:7: note:   no known conversion for argument 1 from ‘labo::Temps’ to ‘std::basic_ostream<char>::__ostream_type& (*)(std::basic_ostream<char>::__ostream_type&) {aka std::basic_ostream<char>& (*)(std::basic_ostream<char>&)}’
/usr/include/c++/5/ostream:117:7: note: candidate: std::basic_ostream<_CharT, _Traits>::__ostream_type& std::basic_ostream<_CharT, _Traits>::operator<<(std::basic_ostream<_CharT, _Traits>::__ios_type& (*)(std::basic_ostream<_CharT, _Traits>::__ios_type&)) [with _CharT = char; _Traits = std::char_traits<char>; std::basic_ostream<_CharT, _Traits>::__ostream_type = std::basic_ostream<char>; std::basic_ostream<_CharT, _Traits>::__ios_type = std::basic_ios<char>]
       operator<<(__ios_type& (*__pf)(__ios_type&))
       ^
/usr/include/c++/5/ostream:117:7: note:   no known conversion for argument 1 from ‘labo::Temps’ to ‘std::basic_ostream<char>::__ios_type& (*)(std::basic_ostream<char>::__ios_type&) {aka std::basic_ios<char>& (*)(std::basic_ios<char>&)}’
/usr/include/c++/5/ostream:127:7: note: candidate: std::basic_ostream<_CharT, _Traits>::__ostream_type& std::basic_ostream<_CharT, _Traits>::operator<<(std::ios_base& (*)(std::ios_base&)) [with _CharT = char; _Traits = std::char_traits<char>; std::basic_ostream<_CharT, _Traits>::__ostream_type = std::basic_ostream<char>]
       operator<<(ios_base& (*__pf) (ios_base&))
       ^
/usr/include/c++/5/ostream:127:7: note:   no known conversion for argument 1 from ‘labo::Temps’ to ‘std::ios_base& (*)(std::ios_base&)’
/usr/include/c++/5/ostream:166:7: note: candidate: std::basic_ostream<_CharT, _Traits>::__ostream_type& std::basic_ostream<_CharT, _Traits>::operator<<(long int) [with _CharT = char; _Traits = std::char_traits<char>; std::basic_ostream<_CharT, _Traits>::__ostream_type = std::basic_ostream<char>]
       operator<<(long __n)
       ^
/usr/include/c++/5/ostream:166:7: note:   no known conversion for argument 1 from ‘labo::Temps’ to ‘long int’
/usr/include/c++/5/ostream:170:7: note: candidate: std::basic_ostream<_CharT, _Traits>::__ostream_type& std::basic_ostream<_CharT, _Traits>::operator<<(long unsigned int) [with _CharT = char; _Traits = std::char_traits<char>; std::basic_ostream<_CharT, _Traits>::__ostream_type = std::basic_ostream<char>]
       operator<<(unsigned long __n)
       ^
/usr/include/c++/5/ostream:170:7: note:   no known conversion for argument 1 from ‘labo::Temps’ to ‘long unsigned int’
/usr/include/c++/5/ostream:174:7: note: candidate: std::basic_ostream<_CharT, _Traits>::__ostream_type& std::basic_ostream<_CharT, _Traits>::operator<<(bool) [with _CharT = char; _Traits = std::char_traits<char>; std::basic_ostream<_CharT, _Traits>::__ostream_type = std::basic_ostream<char>]
       operator<<(bool __n)
subdir.mk:21 : la recette pour la cible « main.o » a échouée
       ^
/usr/include/c++/5/ostream:174:7: note:   no known conversion for argument 1 from ‘labo::Temps’ to ‘bool’
In file included from /usr/include/c++/5/ostream:638:0,
                 from /usr/include/c++/5/iostream:39,
                 from ../main.cpp:8:
/usr/include/c++/5/bits/ostream.tcc:91:5: note: candidate: std::basic_ostream<_CharT, _Traits>& std::basic_ostream<_CharT, _Traits>::operator<<(short int) [with _CharT = char; _Traits = std::char_traits<char>]
     basic_ostream<_CharT, _Traits>::
     ^
/usr/include/c++/5/bits/ostream.tcc:91:5: note:   no known conversion for argument 1 from ‘labo::Temps’ to ‘short int’
In file included from /usr/include/c++/5/iostream:39:0,
                 from ../main.cpp:8:
/usr/include/c++/5/ostream:181:7: note: candidate: std::basic_ostream<_CharT, _Traits>::__ostream_type& std::basic_ostream<_CharT, _Traits>::operator<<(short unsigned int) [with _CharT = char; _Traits = std::char_traits<char>; std::basic_ostream<_CharT, _Traits>::__ostream_type = std::basic_ostream<char>]
       operator<<(unsigned short __n)
       ^
/usr/include/c++/5/ostream:181:7: note:   no known conversion for argument 1 from ‘labo::Temps’ to ‘short unsigned int’
In file included from /usr/include/c++/5/ostream:638:0,
                 from /usr/include/c++/5/iostream:39,
                 from ../main.cpp:8:
/usr/include/c++/5/bits/ostream.tcc:105:5: note: candidate: std::basic_ostream<_CharT, _Traits>& std::basic_ostream<_CharT, _Traits>::operator<<(int) [with _CharT = char; _Traits = std::char_traits<char>]
     basic_ostream<_CharT, _Traits>::
     ^
/usr/include/c++/5/bits/ostream.tcc:105:5: note:   no known conversion for argument 1 from ‘labo::Temps’ to ‘int’
In file included from /usr/include/c++/5/iostream:39:0,
                 from ../main.cpp:8:
/usr/include/c++/5/ostream:192:7: note: candidate: std::basic_ostream<_CharT, _Traits>::__ostream_type& std::basic_ostream<_CharT, _Traits>::operator<<(unsigned int) [with _CharT = char; _Traits = std::char_traits<char>; std::basic_ostream<_CharT, _Traits>::__ostream_type = std::basic_ostream<char>]
       operator<<(unsigned int __n)
       ^
/usr/include/c++/5/ostream:192:7: note:   no known conversion for argument 1 from ‘labo::Temps’ to ‘unsigned int’
/usr/include/c++/5/ostream:201:7: note: candidate: std::basic_ostream<_CharT, _Traits>::__ostream_type& std::basic_ostream<_CharT, _Traits>::operator<<(long long int) [with _CharT = char; _Traits = std::char_traits<char>; std::basic_ostream<_CharT, _Traits>::__ostream_type = std::basic_ostream<char>]
       operator<<(long long __n)
       ^
/usr/include/c++/5/ostream:201:7: note:   no known conversion for argument 1 from ‘labo::Temps’ to ‘long long int’
/usr/include/c++/5/ostream:205:7: note: candidate: std::basic_ostream<_CharT, _Traits>::__ostream_type& std::basic_ostream<_CharT, _Traits>::operator<<(long long unsigned int) [with _CharT = char; _Traits = std::char_traits<char>; std::basic_ostream<_CharT, _Traits>::__ostream_type = std::basic_ostream<char>]
       operator<<(unsigned long long __n)
       ^
/usr/include/c++/5/ostream:205:7: note:   no known conversion for argument 1 from ‘labo::Temps’ to ‘long long unsigned int’
/usr/include/c++/5/ostream:220:7: note: candidate: std::basic_ostream<_CharT, _Traits>::__ostream_type& std::basic_ostream<_CharT, _Traits>::operator<<(double) [with _CharT = char; _Traits = std::char_traits<char>; std::basic_ostream<_CharT, _Traits>::__ostream_type = std::basic_ostream<char>]
       operator<<(double __f)
       ^
/usr/include/c++/5/ostream:220:7: note:   no known conversion for argument 1 from ‘labo::Temps’ to ‘double’
/usr/include/c++/5/ostream:224:7: note: candidate: std::basic_ostream<_CharT, _Traits>::__ostream_type& std::basic_ostream<_CharT, _Traits>::operator<<(float) [with _CharT = char; _Traits = std::char_traits<char>; std::basic_ostream<_CharT, _Traits>::__ostream_type = std::basic_ostream<char>]
       operator<<(float __f)
       ^
/usr/include/c++/5/ostream:224:7: note:   no known conversion for argument 1 from ‘labo::Temps’ to ‘float’
/usr/include/c++/5/ostream:232:7: note: candidate: std::basic_ostream<_CharT, _Traits>::__ostream_type& std::basic_ostream<_CharT, _Traits>::operator<<(long double) [with _CharT = char; _Traits = std::char_traits<char>; std::basic_ostream<_CharT, _Traits>::__ostream_type = std::basic_ostream<char>]
       operator<<(long double __f)
       ^
/usr/include/c++/5/ostream:232:7: note:   no known conversion for argument 1 from ‘labo::Temps’ to ‘long double’
/usr/include/c++/5/ostream:245:7: note: candidate: std::basic_ostream<_CharT, _Traits>::__ostream_type& std::basic_ostream<_CharT, _Traits>::operator<<(const void*) [with _CharT = char; _Traits = std::char_traits<char>; std::basic_ostream<_CharT, _Traits>::__ostream_type = std::basic_ostream<char>]
       operator<<(const void* __p)
       ^
/usr/include/c++/5/ostream:245:7: note:   no known conversion for argument 1 from ‘labo::Temps’ to ‘const void*’
In file included from /usr/include/c++/5/ostream:638:0,
                 from /usr/include/c++/5/iostream:39,
                 from ../main.cpp:8:
/usr/include/c++/5/bits/ostream.tcc:119:5: note: candidate: std::basic_ostream<_CharT, _Traits>& std::basic_ostream<_CharT, _Traits>::operator<<(std::basic_ostream<_CharT, _Traits>::__streambuf_type*) [with _CharT = char; _Traits = std::char_traits<char>; std::basic_ostream<_CharT, _Traits>::__streambuf_type = std::basic_streambuf<char>]
     basic_ostream<_CharT, _Traits>::
     ^
/usr/include/c++/5/bits/ostream.tcc:119:5: note:   no known conversion for argument 1 from ‘labo::Temps’ to ‘std::basic_ostream<char>::__streambuf_type* {aka std::basic_streambuf<char>*}’
In file included from /usr/include/c++/5/string:52:0,
                 from /usr/include/c++/5/bits/locale_classes.h:40,
                 from /usr/include/c++/5/bits/ios_base.h:41,
                 from /usr/include/c++/5/ios:42,
                 from /usr/include/c++/5/ostream:38,
                 from /usr/include/c++/5/iostream:39,
                 from ../main.cpp:8:
/usr/include/c++/5/bits/basic_string.h:5172:5: note: candidate: template<class _CharT, class _Traits, class _Alloc> std::basic_ostream<_CharT, _Traits>& std::operator<<(std::basic_ostream<_CharT, _Traits>&, const std::__cxx11::basic_string<_CharT, _Traits, _Alloc>&)
     operator<<(basic_ostream<_CharT, _Traits>& __os,
     ^
/usr/include/c++/5/bits/basic_string.h:5172:5: note:   template argument deduction/substitution failed:
../main.cpp:19:10: note:   ‘labo::Temps’ is not derived from ‘const std::__cxx11::basic_string<_CharT, _Traits, _Alloc>’
  cout << temps1 << endl;
          ^
In file included from /usr/include/c++/5/iostream:39:0,
                 from ../main.cpp:8:
/usr/include/c++/5/ostream:497:5: note: candidate: template<class _CharT, class _Traits> std::basic_ostream<_CharT, _Traits>& std::operator<<(std::basic_ostream<_CharT, _Traits>&, _CharT)
     operator<<(basic_ostream<_CharT, _Traits>& __out, _CharT __c)
     ^
/usr/include/c++/5/ostream:497:5: note:   template argument deduction/substitution failed:
../main.cpp:19:10: note:   deduced conflicting types for parameter ‘_CharT’ (‘char’ and ‘labo::Temps’)
  cout << temps1 << endl;
          ^
In file included from /usr/include/c++/5/iostream:39:0,
                 from ../main.cpp:8:
/usr/include/c++/5/ostream:502:5: note: candidate: template<class _CharT, class _Traits> std::basic_ostream<_CharT, _Traits>& std::operator<<(std::basic_ostream<_CharT, _Traits>&, char)
     operator<<(basic_ostream<_CharT, _Traits>& __out, char __c)
     ^
/usr/include/c++/5/ostream:502:5: note:   template argument deduction/substitution failed:
../main.cpp:19:10: note:   cannot convert ‘temps1’ (type ‘labo::Temps’) to type ‘char’
  cout << temps1 << endl;
          ^
In file included from /usr/include/c++/5/iostream:39:0,
                 from ../main.cpp:8:
/usr/include/c++/5/ostream:508:5: note: candidate: template<class _Traits> std::basic_ostream<char, _Traits>& std::operator<<(std::basic_ostream<char, _Traits>&, char)
     operator<<(basic_ostream<char, _Traits>& __out, char __c)
     ^
/usr/include/c++/5/ostream:508:5: note:   template argument deduction/substitution failed:
../main.cpp:19:10: note:   cannot convert ‘temps1’ (type ‘labo::Temps’) to type ‘char’
  cout << temps1 << endl;
          ^
In file included from /usr/include/c++/5/iostream:39:0,
                 from ../main.cpp:8:
/usr/include/c++/5/ostream:514:5: note: candidate: template<class _Traits> std::basic_ostream<char, _Traits>& std::operator<<(std::basic_ostream<char, _Traits>&, signed char)
     operator<<(basic_ostream<char, _Traits>& __out, signed char __c)
     ^
/usr/include/c++/5/ostream:514:5: note:   template argument deduction/substitution failed:
../main.cpp:19:10: note:   cannot convert ‘temps1’ (type ‘labo::Temps’) to type ‘signed char’
  cout << temps1 << endl;
          ^
In file included from /usr/include/c++/5/iostream:39:0,
                 from ../main.cpp:8:
/usr/include/c++/5/ostream:519:5: note: candidate: template<class _Traits> std::basic_ostream<char, _Traits>& std::operator<<(std::basic_ostream<char, _Traits>&, unsigned char)
     operator<<(basic_ostream<char, _Traits>& __out, unsigned char __c)
     ^
/usr/include/c++/5/ostream:519:5: note:   template argument deduction/substitution failed:
../main.cpp:19:10: note:   cannot convert ‘temps1’ (type ‘labo::Temps’) to type ‘unsigned char’
  cout << temps1 << endl;
          ^
In file included from /usr/include/c++/5/iostream:39:0,
                 from ../main.cpp:8:
/usr/include/c++/5/ostream:539:5: note: candidate: template<class _CharT, class _Traits> std::basic_ostream<_CharT, _Traits>& std::operator<<(std::basic_ostream<_CharT, _Traits>&, const _CharT*)
     operator<<(basic_ostream<_CharT, _Traits>& __out, const _CharT* __s)
     ^
/usr/include/c++/5/ostream:539:5: note:   template argument deduction/substitution failed:
../main.cpp:19:10: note:   mismatched types ‘const _CharT*’ and ‘labo::Temps’
  cout << temps1 << endl;
          ^
In file included from /usr/include/c++/5/ostream:638:0,
                 from /usr/include/c++/5/iostream:39,
                 from ../main.cpp:8:
/usr/include/c++/5/bits/ostream.tcc:321:5: note: candidate: template<class _CharT, class _Traits> std::basic_ostream<_CharT, _Traits>& std::operator<<(std::basic_ostream<_CharT, _Traits>&, const char*)
     operator<<(basic_ostream<_CharT, _Traits>& __out, const char* __s)
     ^
/usr/include/c++/5/bits/ostream.tcc:321:5: note:   template argument deduction/substitution failed:
../main.cpp:19:10: note:   cannot convert ‘temps1’ (type ‘labo::Temps’) to type ‘const char*’
  cout << temps1 << endl;
          ^
In file included from /usr/include/c++/5/iostream:39:0,
                 from ../main.cpp:8:
/usr/include/c++/5/ostream:556:5: note: candidate: template<class _Traits> std::basic_ostream<char, _Traits>& std::operator<<(std::basic_ostream<char, _Traits>&, const char*)
     operator<<(basic_ostream<char, _Traits>& __out, const char* __s)
     ^
/usr/include/c++/5/ostream:556:5: note:   template argument deduction/substitution failed:
../main.cpp:19:10: note:   cannot convert ‘temps1’ (type ‘labo::Temps’) to type ‘const char*’
  cout << temps1 << endl;
          ^
In file included from /usr/include/c++/5/iostream:39:0,
                 from ../main.cpp:8:
/usr/include/c++/5/ostream:569:5: note: candidate: template<class _Traits> std::basic_ostream<char, _Traits>& std::operator<<(std::basic_ostream<char, _Traits>&, const signed char*)
     operator<<(basic_ostream<char, _Traits>& __out, const signed char* __s)
     ^
/usr/include/c++/5/ostream:569:5: note:   template argument deduction/substitution failed:
../main.cpp:19:10: note:   cannot convert ‘temps1’ (type ‘labo::Temps’) to type ‘const signed char*’
  cout << temps1 << endl;
          ^
In file included from /usr/include/c++/5/iostream:39:0,
                 from ../main.cpp:8:
/usr/include/c++/5/ostream:574:5: note: candidate: template<class _Traits> std::basic_ostream<char, _Traits>& std::operator<<(std::basic_ostream<char, _Traits>&, const unsigned char*)
     operator<<(basic_ostream<char, _Traits>& __out, const unsigned char* __s)
     ^
/usr/include/c++/5/ostream:574:5: note:   template argument deduction/substitution failed:
../main.cpp:19:10: note:   cannot convert ‘temps1’ (type ‘labo::Temps’) to type ‘const unsigned char*’
  cout << temps1 << endl;
          ^
make: *** [main.o] Erreur 1
13:15:54 **** Incremental Build of configuration Debug for project Temps ****
make all 
Building file: ../Temps.cpp
Invoking: GCC C++ Compiler
g++ -std=c++98 -O0 -g3 -Wall -c -fmessage-length=0 -MMD -MP -MF"Temps.d" -MT"Temps.o" -o "Temps.o" "../Temps.cpp"
Finished building: ../Temps.cpp
 
Building file: ../main.cpp
Invoking: GCC C++ Compiler
g++ -std=c++98 -O0 -g3 -Wall -c -fmessage-length=0 -MMD -MP -MF"main.d" -MT"main.o" -o "main.o" "../main.cpp"
Finished building: ../main.cpp
 
Building target: Temps
Invoking: GCC C++ Linker
g++  -o "Temps"  ./Temps.o ./main.o   
Finished building target: Temps
 
13:15:58 **** Incremental Build of configuration Debug for project Temps ****
make all 
make: rien à faire pour « all ».
13:16:05 **** Incremental Build of configuration Debug for project Temps ****
make all 
Building file: ../main.cpp
Invoking: GCC C++ Compiler
g++ -std=c++98 -O0 -g3 -Wall -c -fmessage-length=0 -MMD -MP -MF"main.d" -MT"main.o" -o "main.o" "../main.cpp"
Finished building: ../main.cpp
 
Building target: Temps
Invoking: GCC C++ Linker
g++  -o "Temps"  ./Temps.o ./main.o   
Finished building target: Temps
 
13:17:26 **** Incremental Build of configuration Debug for project Temps ****
make all 
Building file: ../main.cpp
Invoking: GCC C++ Compiler
g++ -std=c++98 -O0 -g3 -Wall -c -fmessage-length=0 -MMD -MP -MF"main.d" -MT"main.o" -o "main.o" "../main.cpp"
Finished building: ../main.cpp
 
Building target: Temps
Invoking: GCC C++ Linker
g++  -o "Temps"  ./Temps.o ./main.o   
Finished building target: Temps
 
13:17:29 **** Incremental Build of configuration Debug for project Temps ****
make all 
make: rien à faire pour « all ».
13:18:00 **** Incremental Build of configuration Debug for project Temps ****
make all 
Building file: ../main.cpp
Invoking: GCC C++ Compiler
g++ -std=c++98 -O0 -g3 -Wall -c -fmessage-length=0 -MMD -MP -MF"main.d" -MT"main.o" -o "main.o" "../main.cpp"
Finished building: ../main.cpp
 
Building target: Temps
Invoking: GCC C++ Linker
g++  -o "Temps"  ./Temps.o ./main.o   
Finished building target: Temps
 
13:18:09 **** Incremental Build of configuration Debug for project Temps ****
make all 
Building file: ../main.cpp
Invoking: GCC C++ Compiler
g++ -std=c++98 -O0 -g3 -Wall -c -fmessage-length=0 -MMD -MP -MF"main.d" -MT"main.o" -o "main.o" "../main.cpp"
Finished building: ../main.cpp
 
Building target: Temps
Invoking: GCC C++ Linker
g++  -o "Temps"  ./Temps.o ./main.o   
Finished building target: Temps
 
13:19:19 **** Incremental Build of configuration Debug for project Temps ****
make all 
make: rien à faire pour « all ».
13:25:34 **** Incremental Build of configuration Debug for project Temps ****
make all 
Building file: ../Temps.cpp
Invoking: GCC C++ Compiler
g++ -std=c++98 -O0 -g3 -Wall -c -fmessage-length=0 -MMD -MP -MF"Temps.d" -MT"Temps.o" -o "Temps.o" "../Temps.cpp"
Finished building: ../Temps.cpp
 
Building file: ../main.cpp
Invoking: GCC C++ Compiler
g++ -std=c++98 -O0 -g3 -Wall -c -fmessage-length=0 -MMD -MP -MF"main.d" -MT"main.o" -o "main.o" "../main.cpp"
Finished building: ../main.cpp
 
Building target: Temps
Invoking: GCC C++ Linker
g++  -o "Temps"  ./Temps.o ./main.o   
Finished building target: Temps
 
13:25:37 **** Incremental Build of configuration Debug for project Temps ****
make all 
make: rien à faire pour « all ».
13:26:03 **** Incremental Build of configuration Debug for project Temps ****
make all 
Building file: ../main.cpp
Invoking: GCC C++ Compiler
g++ -std=c++98 -O0 -g3 -Wall -c -fmessage-length=0 -MMD -MP -MF"main.d" -MT"main.o" -o "main.o" "../main.cpp"
In file included from ../main.cpp:9:0:
../Temps.h: In function ‘int main()’:
../Temps.h:35:14: error: ‘std::__cxx11::string labo::Temps::reqTempsFormate() const’ is private
  std::string reqTempsFormate() const;
              ^
../main.cpp:19:33: error: within this context
  cout << temps1.reqTempsFormate() << endl;
                                 ^
make: *** [main.o] Erreur 1
subdir.mk:21 : la recette pour la cible « main.o » a échouée
13:26:34 **** Incremental Build of configuration Debug for project Temps ****
make all 
Building file: ../main.cpp
Invoking: GCC C++ Compiler
g++ -std=c++98 -O0 -g3 -Wall -c -fmessage-length=0 -MMD -MP -MF"main.d" -MT"main.o" -o "main.o" "../main.cpp"
Finished building: ../main.cpp
 
Building target: Temps
Invoking: GCC C++ Linker
g++  -o "Temps"  ./Temps.o ./main.o   
Finished building target: Temps
 
